This is pdfTeX, Version 3.14159265-2.6-1.40.21 (MiKTeX 2.9.7400 64-bit) (preloaded format=pdflatex 2020.5.9)  5 JUN 2020 20:23
entering extended mode
**./Lab3_Report.tex
(Lab3_Report.tex
LaTeX2e <2020-02-02> patch level 5
L3 programming layer <2020-04-06>
("D:\Programs\MiKTeX 2.9\tex/latex/base\article.cls"
Document Class: article 2019/12/20 v1.4l Standard LaTeX document class
("D:\Programs\MiKTeX 2.9\tex/latex/base\size10.clo"
File: size10.clo 2019/12/20 v1.4l Standard LaTeX file (size option)
)
\c@part=\count167
\c@section=\count168
\c@subsection=\count169
\c@subsubsection=\count170
\c@paragraph=\count171
\c@subparagraph=\count172
\c@figure=\count173
\c@table=\count174
\abovecaptionskip=\skip47
\belowcaptionskip=\skip48
\bibindent=\dimen134
)
("D:\Programs\MiKTeX 2.9\tex/latex/fancyhdr\fancyhdr.sty"
Package: fancyhdr 2019/01/31 v3.10 Extensive control of page headers and footer
s
\f@nch@headwidth=\skip49
\f@nch@O@elh=\skip50
\f@nch@O@erh=\skip51
\f@nch@O@olh=\skip52
\f@nch@O@orh=\skip53
\f@nch@O@elf=\skip54
\f@nch@O@erf=\skip55
\f@nch@O@olf=\skip56
\f@nch@O@orf=\skip57
)
("D:\Programs\MiKTeX 2.9\tex/latex/graphics\graphicx.sty"
Package: graphicx 2019/11/30 v1.2a Enhanced LaTeX Graphics (DPC,SPQR)

("D:\Programs\MiKTeX 2.9\tex/latex/graphics\keyval.sty"
Package: keyval 2014/10/28 v1.15 key=value parser (DPC)
\KV@toks@=\toks15
)
("D:\Programs\MiKTeX 2.9\tex/latex/graphics\graphics.sty"
Package: graphics 2019/11/30 v1.4a Standard LaTeX Graphics (DPC,SPQR)

("D:\Programs\MiKTeX 2.9\tex/latex/graphics\trig.sty"
Package: trig 2016/01/03 v1.10 sin cos tan (DPC)
)
("D:\Programs\MiKTeX 2.9\tex/latex/graphics-cfg\graphics.cfg"
File: graphics.cfg 2016/06/04 v1.11 sample graphics configuration
)
Package graphics Info: Driver file: pdftex.def on input line 105.

("D:\Programs\MiKTeX 2.9\tex/latex/graphics-def\pdftex.def"
File: pdftex.def 2018/01/08 v1.0l Graphics/color driver for pdftex
))
\Gin@req@height=\dimen135
\Gin@req@width=\dimen136
)
("D:\Programs\MiKTeX 2.9\tex/latex/amsmath\amsmath.sty"
Package: amsmath 2020/01/20 v2.17e AMS math features
\@mathmargin=\skip58

For additional information on amsmath, use the `?' option.
("D:\Programs\MiKTeX 2.9\tex/latex/amsmath\amstext.sty"
Package: amstext 2000/06/29 v2.01 AMS text

("D:\Programs\MiKTeX 2.9\tex/latex/amsmath\amsgen.sty"
File: amsgen.sty 1999/11/30 v2.0 generic functions
\@emptytoks=\toks16
\ex@=\dimen137
))
("D:\Programs\MiKTeX 2.9\tex/latex/amsmath\amsbsy.sty"
Package: amsbsy 1999/11/29 v1.2d Bold Symbols
\pmbraise@=\dimen138
)
("D:\Programs\MiKTeX 2.9\tex/latex/amsmath\amsopn.sty"
Package: amsopn 2016/03/08 v2.02 operator names
)
\inf@bad=\count175
LaTeX Info: Redefining \frac on input line 227.
\uproot@=\count176
\leftroot@=\count177
LaTeX Info: Redefining \overline on input line 389.
\classnum@=\count178
\DOTSCASE@=\count179
LaTeX Info: Redefining \ldots on input line 486.
LaTeX Info: Redefining \dots on input line 489.
LaTeX Info: Redefining \cdots on input line 610.
\Mathstrutbox@=\box45
\strutbox@=\box46
\big@size=\dimen139
LaTeX Font Info:    Redeclaring font encoding OML on input line 733.
LaTeX Font Info:    Redeclaring font encoding OMS on input line 734.
\macc@depth=\count180
\c@MaxMatrixCols=\count181
\dotsspace@=\muskip16
\c@parentequation=\count182
\dspbrk@lvl=\count183
\tag@help=\toks17
\row@=\count184
\column@=\count185
\maxfields@=\count186
\andhelp@=\toks18
\eqnshift@=\dimen140
\alignsep@=\dimen141
\tagshift@=\dimen142
\tagwidth@=\dimen143
\totwidth@=\dimen144
\lineht@=\dimen145
\@envbody=\toks19
\multlinegap=\skip59
\multlinetaggap=\skip60
\mathdisplay@stack=\toks20
LaTeX Info: Redefining \[ on input line 2859.
LaTeX Info: Redefining \] on input line 2860.
)
("D:\Programs\MiKTeX 2.9\tex/latex/xcolor\xcolor.sty"
Package: xcolor 2016/05/11 v2.12 LaTeX color extensions (UK)

("D:\Programs\MiKTeX 2.9\tex/latex/graphics-cfg\color.cfg"
File: color.cfg 2016/01/02 v1.6 sample color configuration
)
Package xcolor Info: Driver file: pdftex.def on input line 225.
Package xcolor Info: Model `cmy' substituted by `cmy0' on input line 1348.
Package xcolor Info: Model `hsb' substituted by `rgb' on input line 1352.
Package xcolor Info: Model `RGB' extended on input line 1364.
Package xcolor Info: Model `HTML' substituted by `rgb' on input line 1366.
Package xcolor Info: Model `Hsb' substituted by `hsb' on input line 1367.
Package xcolor Info: Model `tHsb' substituted by `hsb' on input line 1368.
Package xcolor Info: Model `HSB' substituted by `hsb' on input line 1369.
Package xcolor Info: Model `Gray' substituted by `gray' on input line 1370.
Package xcolor Info: Model `wave' substituted by `hsb' on input line 1371.
)
("D:\Programs\MiKTeX 2.9\tex/latex/geometry\geometry.sty"
Package: geometry 2020/01/02 v5.9 Page Geometry

("D:\Programs\MiKTeX 2.9\tex/generic/iftex\ifvtex.sty"
Package: ifvtex 2019/10/25 v1.7 ifvtex legacy package. Use iftex instead.

("D:\Programs\MiKTeX 2.9\tex/generic/iftex\iftex.sty"
Package: iftex 2020/03/06 v1.0d TeX engine tests
))
\Gm@cnth=\count187
\Gm@cntv=\count188
\c@Gm@tempcnt=\count189
\Gm@bindingoffset=\dimen146
\Gm@wd@mp=\dimen147
\Gm@odd@mp=\dimen148
\Gm@even@mp=\dimen149
\Gm@layoutwidth=\dimen150
\Gm@layoutheight=\dimen151
\Gm@layouthoffset=\dimen152
\Gm@layoutvoffset=\dimen153
\Gm@dimlist=\toks21

("D:\Programs\MiKTeX 2.9\tex/latex/geometry\geometry.cfg"))
("D:\Programs\MiKTeX 2.9\tex/latex/l3backend\l3backend-pdfmode.def"
File: l3backend-pdfmode.def 2020-03-12 L3 backend support: PDF mode
\l__kernel_color_stack_int=\count190
\l__pdf_internal_box=\box47
)
(Lab3_Report.aux)
\openout1 = `Lab3_Report.aux'.

LaTeX Font Info:    Checking defaults for OML/cmm/m/it on input line 11.
LaTeX Font Info:    ... okay on input line 11.
LaTeX Font Info:    Checking defaults for OMS/cmsy/m/n on input line 11.
LaTeX Font Info:    ... okay on input line 11.
LaTeX Font Info:    Checking defaults for OT1/cmr/m/n on input line 11.
LaTeX Font Info:    ... okay on input line 11.
LaTeX Font Info:    Checking defaults for T1/cmr/m/n on input line 11.
LaTeX Font Info:    ... okay on input line 11.
LaTeX Font Info:    Checking defaults for TS1/cmr/m/n on input line 11.
LaTeX Font Info:    ... okay on input line 11.
LaTeX Font Info:    Checking defaults for OMX/cmex/m/n on input line 11.
LaTeX Font Info:    ... okay on input line 11.
LaTeX Font Info:    Checking defaults for U/cmr/m/n on input line 11.
LaTeX Font Info:    ... okay on input line 11.
 ("D:\Programs\MiKTeX 2.9\tex/context/base/mkii\supp-pdf.mkii"
[Loading MPS to PDF converter (version 2006.09.02).]
\scratchcounter=\count191
\scratchdimen=\dimen154
\scratchbox=\box48
\nofMPsegments=\count192
\nofMParguments=\count193
\everyMPshowfont=\toks22
\MPscratchCnt=\count194
\MPscratchDim=\dimen155
\MPnumerator=\count195
\makeMPintoPDFobject=\count196
\everyMPtoPDFconversion=\toks23
) ("D:\Programs\MiKTeX 2.9\tex/latex/epstopdf-pkg\epstopdf-base.sty"
Package: epstopdf-base 2020-01-24 v2.11 Base part for package epstopdf
Package epstopdf-base Info: Redefining graphics rule for `.eps' on input line 4
85.
)
*geometry* driver: auto-detecting
*geometry* detected driver: pdftex
*geometry* verbose mode - [ preamble ] result:
* driver: pdftex
* paper: <default>
* layout: <same size as paper>
* layoutoffset:(h,v)=(0.0pt,0.0pt)
* modes: 
* h-part:(L,W,R)=(72.26999pt, 469.75502pt, 72.26999pt)
* v-part:(T,H,B)=(72.26999pt, 650.43001pt, 72.26999pt)
* \paperwidth=614.295pt
* \paperheight=794.96999pt
* \textwidth=469.75502pt
* \textheight=650.43001pt
* \oddsidemargin=0.0pt
* \evensidemargin=0.0pt
* \topmargin=-37.0pt
* \headheight=12.0pt
* \headsep=25.0pt
* \topskip=10.0pt
* \footskip=30.0pt
* \marginparwidth=65.0pt
* \marginparsep=11.0pt
* \columnsep=10.0pt
* \skip\footins=9.0pt plus 4.0pt minus 2.0pt
* \hoffset=0.0pt
* \voffset=0.0pt
* \mag=1000
* \@twocolumnfalse
* \@twosidefalse
* \@mparswitchfalse
* \@reversemarginfalse
* (1in=72.27pt=25.4mm, 1cm=28.453pt)

[1

{C:/Users/ghass/AppData/Local/MiKTeX/2.9/pdftex/config/pdftex.map}]
<./img/fsm_output_part1.png, id=7, 738.3585pt x 421.575pt>
File: ./img/fsm_output_part1.png Graphic file (type png)
<use ./img/fsm_output_part1.png>
Package pdftex.def Info: ./img/fsm_output_part1.png  used on input line 68.
(pdftex.def)             Requested size: 468.3104pt x 267.38837pt.
 [1 <./img/fsm_output_part1.png>] [2]
<./img/circuit_part1.png, id=20, 578.16pt x 501.67426pt>
File: ./img/circuit_part1.png Graphic file (type png)
<use ./img/circuit_part1.png>
Package pdftex.def Info: ./img/circuit_part1.png  used on input line 113.
(pdftex.def)             Requested size: 468.3104pt x 406.35391pt.
 [3 <./img/circuit_part1.png>]
<./img/op07504000.png, id=25, 396.2805pt x 155.3805pt>
File: ./img/op07504000.png Graphic file (type png)
<use ./img/op07504000.png>
Package pdftex.def Info: ./img/op07504000.png  used on input line 125.
(pdftex.def)             Requested size: 422.77664pt x 165.78128pt.
<./img/op02765000.png, id=26, 773.89125pt x 233.07076pt>
File: ./img/op02765000.png Graphic file (type png)
<use ./img/op02765000.png>
Package pdftex.def Info: ./img/op02765000.png  used on input line 132.
(pdftex.def)             Requested size: 422.77664pt x 127.32866pt.
 [4 <./img/op07504000.png> <./img/op02765000.png>]
<./img/op00.png, id=32, 766.062pt x 243.91125pt>
File: ./img/op00.png Graphic file (type png)
<use ./img/op00.png>
Package pdftex.def Info: ./img/op00.png  used on input line 141.
(pdftex.def)             Requested size: 422.77664pt x 134.6131pt.
<./img/op03007000_part1.png, id=33, 779.91376pt x 42.1575pt>
File: ./img/op03007000_part1.png Graphic file (type png)
<use ./img/op03007000_part1.png>
Package pdftex.def Info: ./img/op03007000_part1.png  used on input line 148.
(pdftex.def)             Requested size: 422.77664pt x 22.85283pt.
<./img/op03007000_part2.png, id=34, 780.516pt x 144.54pt>
File: ./img/op03007000_part2.png Graphic file (type png)
<use ./img/op03007000_part2.png>
Package pdftex.def Info: ./img/op03007000_part2.png  used on input line 149.
(pdftex.def)             Requested size: 422.77664pt x 78.29303pt.
 [5 <./img/op00.png> <./img/op03007000_part1.png> <./img/op03007000_part2.png>]
<./img/fsm_output_part2.png, id=41, 662.475pt x 362.10281pt>
File: ./img/fsm_output_part2.png Graphic file (type png)
<use ./img/fsm_output_part2.png>
Package pdftex.def Info: ./img/fsm_output_part2.png  used on input line 161.
(pdftex.def)             Requested size: 468.3104pt x 255.97316pt.
 [6 <./img/fsm_output_part2.png>]
<./img/fsm_circuit_part2.png, id=47, 578.76225pt x 331.83975pt>
File: ./img/fsm_circuit_part2.png Graphic file (type png)
<use ./img/fsm_circuit_part2.png>
Package pdftex.def Info: ./img/fsm_circuit_part2.png  used on input line 190.
(pdftex.def)             Requested size: 469.75502pt x 269.34064pt.
 [7 <./img/fsm_circuit_part2.png>]
<./img/hardware_added.png, id=52, 337.26pt x 311.36325pt>
File: ./img/hardware_added.png Graphic file (type png)
<use ./img/hardware_added.png>
Package pdftex.def Info: ./img/hardware_added.png  used on input line 214.
(pdftex.def)             Requested size: 328.82707pt x 303.58507pt.
<./img/instruction_register.png, id=53, 309.40594pt x 136.25906pt>
File: ./img/instruction_register.png Graphic file (type png)
<use ./img/instruction_register.png>
Package pdftex.def Info: ./img/instruction_register.png  used on input line 215
.
(pdftex.def)             Requested size: 234.8775pt x 103.44151pt.

Underfull \hbox (badness 10000) in paragraph at lines 219--220

 []


Underfull \hbox (badness 10000) in paragraph at lines 221--223

 []


Underfull \hbox (badness 10000) in paragraph at lines 224--226

 []


Underfull \hbox (badness 10000) in paragraph at lines 227--229

 []

[8 <./img/hardware_added.png> <./img/instruction_register.png>]
<./img/circuit_part2.png, id=59, 1135.24126pt x 657.95813pt>
File: ./img/circuit_part2.png Graphic file (type png)
<use ./img/circuit_part2.png>
Package pdftex.def Info: ./img/circuit_part2.png  used on input line 235.
(pdftex.def)             Requested size: 469.75502pt x 272.25441pt.
<./img/log_sim_table_part2.png, id=60, 611.886pt x 195.73125pt>
File: ./img/log_sim_table_part2.png Graphic file (type png)
<use ./img/log_sim_table_part2.png>
Package pdftex.def Info: ./img/log_sim_table_part2.png  used on input line 245.

(pdftex.def)             Requested size: 469.75502pt x 150.26552pt.
 [9 <./img/circuit_part2.png> <./img/log_sim_table_part2.png>] [10] (Lab3_Repor
t.aux) ) 
Here is how much of TeX's memory you used:
 2958 strings out of 480930
 39758 string characters out of 2911878
 292236 words of memory out of 3000000
 18821 multiletter control sequences out of 15000+200000
 535251 words of font info for 34 fonts, out of 3000000 for 9000
 1141 hyphenation exceptions out of 8191
 30i,11n,45p,520b,243s stack positions out of 5000i,500n,10000p,200000b,50000s
 <C:\Users\ghass\AppData\Local\MiKTeX\2.9\fonts/pk/ljfour/jknappen/ec/d
pi600\tcrm1000.pk><D:/Programs/MiKTeX 2.9/fonts/type1/public/amsfonts/cm/cmbx10
.pfb><D:/Programs/MiKTeX 2.9/fonts/type1/public/amsfonts/cm/cmbx12.pfb><D:/Prog
rams/MiKTeX 2.9/fonts/type1/public/amsfonts/cm/cmr10.pfb><D:/Programs/MiKTeX 2.
9/fonts/type1/public/amsfonts/cm/cmr12.pfb><D:/Programs/MiKTeX 2.9/fonts/type1/
public/amsfonts/cm/cmsy10.pfb>
Output written on Lab3_Report.pdf (11 pages, 782449 bytes).
PDF statistics:
 90 PDF objects out of 1000 (max. 8388607)
 0 named destinations out of 1000 (max. 500000)
 66 words of extra memory for PDF output out of 10000 (max. 10000000)

