\BOOKMARK [1][-]{section.1}{Introduction}{}% 1
\BOOKMARK [2][-]{subsection.1.1}{Purpose}{section.1}% 2
\BOOKMARK [2][-]{subsection.1.2}{Experiment Overview}{section.1}% 3
\BOOKMARK [1][-]{section.2}{Background}{}% 4
\BOOKMARK [2][-]{subsection.2.1}{BJT Construction}{section.2}% 5
\BOOKMARK [2][-]{subsection.2.2}{BJT Operating Regions}{section.2}% 6
\BOOKMARK [3][-]{subsubsection.2.2.1}{Saturation Region}{subsection.2.2}% 7
\BOOKMARK [3][-]{subsubsection.2.2.2}{Active Region}{subsection.2.2}% 8
\BOOKMARK [3][-]{subsubsection.2.2.3}{Cutoff Region}{subsection.2.2}% 9
\BOOKMARK [1][-]{section.3}{BJT DC Characterization}{}% 10
\BOOKMARK [2][-]{subsection.3.1}{Diode-Like Behavior of BJT Junctions, and BJT Type}{section.3}% 11
\BOOKMARK [2][-]{subsection.3.2}{BJT IC vs. VCE Characteristic Curves -Point-by-Point- Plotting}{section.3}% 12
\BOOKMARK [3][-]{subsubsection.3.2.1}{Prelab Calculations}{subsection.3.2}% 13
\BOOKMARK [3][-]{subsubsection.3.2.2}{Experiment}{subsection.3.2}% 14
\BOOKMARK [2][-]{subsection.3.3}{The Current Mirror}{section.3}% 15
\BOOKMARK [3][-]{subsubsection.3.3.1}{Prelab Calculations}{subsection.3.3}% 16
\BOOKMARK [3][-]{subsubsection.3.3.2}{Experiment: 1:1 NPN Current Multipllier}{subsection.3.3}% 17
\BOOKMARK [3][-]{subsubsection.3.3.3}{Experiment: 1:2 NPN Current Multipllier}{subsection.3.3}% 18
\BOOKMARK [3][-]{subsubsection.3.3.4}{Experiment: 1:1 NPN-PNP Current Multipllier}{subsection.3.3}% 19
\BOOKMARK [1][-]{section.4}{BJT AC Characterization}{}% 20
\BOOKMARK [2][-]{subsection.4.1}{The transistor's h-Parameters and Bandwidth}{section.4}% 21
\BOOKMARK [3][-]{subsubsection.4.1.1}{DC-Biasing Circuit}{subsection.4.1}% 22
\BOOKMARK [3][-]{subsubsection.4.1.2}{AC-Coupling of Input and Output Signals}{subsection.4.1}% 23
\BOOKMARK [3][-]{subsubsection.4.1.3}{The AC Input Impedance, hie, and the AC Forward Current Gain, hfe}{subsection.4.1}% 24
\BOOKMARK [3][-]{subsubsection.4.1.4}{The AC Output Admittance, hoe, and the AC Reverse, or Feedback, Voltage Ratio, hre}{subsection.4.1}% 25
\BOOKMARK [3][-]{subsubsection.4.1.5}{The Unity-Gain Bandwidth, fT, and The Beta Cut-Off Frequency, f}{subsection.4.1}% 26
\BOOKMARK [2][-]{subsection.4.2}{The BJT High-Frequency Hybrid-Pi Model}{section.4}% 27
\BOOKMARK [3][-]{subsubsection.4.2.1}{Calculations given IC = 2 mA}{subsection.4.2}% 28
\BOOKMARK [3][-]{subsubsection.4.2.2}{Calculations given IC = 0.5 mA}{subsection.4.2}% 29
\BOOKMARK [3][-]{subsubsection.4.2.3}{Calculations given IC = 1 mA}{subsection.4.2}% 30
\BOOKMARK [1][-]{section.5}{Conclusion}{}% 31
\BOOKMARK [1][-]{section.6}{References}{}% 32
